Using pre-set license
Built from '2020.3/staging' branch; Version is '2020.3.17f1 (a4537701e4ab) revision 10769271'; Using compiler version '192528614'; Build Type 'Release'
OS: 'Windows 10 Education; OS build 19042.1165; Version 2009; 64bit' Language: 'pt' Physical Memory: 16350 MB
BatchMode: 1, IsHumanControllingUs: 0, StartBugReporterOnCrash: 0, Is64bit: 1, IsPro: 0

COMMAND LINE ARGUMENTS:
D:\Aplicativos\Unity\2020.3.17f1\Editor\Unity.exe
-adb2
-batchMode
-noUpm
-name
AssetImportWorker0
-projectPath
F:/Unisinos/Unisinos_21_2/TGA/AnimCompTga
-logFile
Logs/AssetImportWorker0.log
-srvPort
64004
Successfully changed project path to: F:/Unisinos/Unisinos_21_2/TGA/AnimCompTga
F:/Unisinos/Unisinos_21_2/TGA/AnimCompTga
Using Asset Import Pipeline V2.
Refreshing native plugins compatible for Editor in 55.29 ms, found 2 plugins.
Preloading 0 native plugins for Editor in 0.00 ms.
Initialize engine version: 2020.3.17f1 (a4537701e4ab)
[Subsystems] Discovering subsystems at path D:/Aplicativos/Unity/2020.3.17f1/Editor/Data/Resources/UnitySubsystems
[Subsystems] Discovering subsystems at path F:/Unisinos/Unisinos_21_2/TGA/AnimCompTga/Assets
GfxDevice: creating device client; threaded=0
Direct3D:
    Version:  Direct3D 11.0 [level 11.1]
    Renderer: NVIDIA GeForce GTX 1060 6GB (ID=0x1c03)
    Vendor:   
    VRAM:     6052 MB
    Driver:   27.21.14.6140
Initialize mono
Mono path[0] = 'D:/Aplicativos/Unity/2020.3.17f1/Editor/Data/Managed'
Mono path[1] = 'D:/Aplicativos/Unity/2020.3.17f1/Editor/Data/MonoBleedingEdge/lib/mono/unityjit'
Mono config path = 'D:/Aplicativos/Unity/2020.3.17f1/Editor/Data/MonoBleedingEdge/etc'
Using monoOptions --debugger-agent=transport=dt_socket,embedding=1,server=y,suspend=n,address=127.0.0.1:56000
Begin MonoManager ReloadAssembly
Registering precompiled unity dll's ...
Register platform support module: D:/Aplicativos/Unity/2020.3.17f1/Editor/Data/PlaybackEngines/WebGLSupport/UnityEditor.WebGL.Extensions.dll
Register platform support module: D:/Aplicativos/Unity/2020.3.17f1/Editor/Data/PlaybackEngines/WindowsStandaloneSupport/UnityEditor.WindowsStandalone.Extensions.dll
Registered in 0.003786 seconds.
Native extension for WindowsStandalone target not found
Native extension for WebGL target not found
Refreshing native plugins compatible for Editor in 59.63 ms, found 2 plugins.
Preloading 0 native plugins for Editor in 0.00 ms.
Mono: successfully reloaded assembly
- Completed reload, in  5.143 seconds
Domain Reload Profiling:
	ReloadAssembly (5143ms)
		BeginReloadAssembly (117ms)
			ExecutionOrderSort (0ms)
			DisableScriptedObjects (0ms)
			BackupInstance (0ms)
			ReleaseScriptingObjects (0ms)
			CreateAndSetChildDomain (1ms)
		EndReloadAssembly (809ms)
			LoadAssemblies (119ms)
			RebuildTransferFunctionScriptingTraits (0ms)
			SetupTypeCache (331ms)
			ReleaseScriptCaches (0ms)
			RebuildScriptCaches (65ms)
			SetupLoadedEditorAssemblies (288ms)
				LogAssemblyErrors (0ms)
				InitializePlatformSupportModulesInManaged (10ms)
				SetLoadedEditorAssemblies (0ms)
				RefreshPlugins (60ms)
				BeforeProcessingInitializeOnLoad (27ms)
				ProcessInitializeOnLoadAttributes (139ms)
				ProcessInitializeOnLoadMethodAttributes (52ms)
				AfterProcessingInitializeOnLoad (0ms)
				EditorAssembliesLoaded (0ms)
			ExecutionOrderSort2 (0ms)
			AwakeInstancesAfterBackupRestoration (0ms)
Platform modules already initialized, skipping
Registering precompiled user dll's ...
Registered in 0.007268 seconds.
Begin MonoManager ReloadAssembly
Native extension for WindowsStandalone target not found
Native extension for WebGL target not found
Refreshing native plugins compatible for Editor in 0.52 ms, found 2 plugins.
Preloading 0 native plugins for Editor in 0.00 ms.
Mono: successfully reloaded assembly
- Completed reload, in  2.156 seconds
Domain Reload Profiling:
	ReloadAssembly (2157ms)
		BeginReloadAssembly (310ms)
			ExecutionOrderSort (0ms)
			DisableScriptedObjects (8ms)
			BackupInstance (0ms)
			ReleaseScriptingObjects (0ms)
			CreateAndSetChildDomain (33ms)
		EndReloadAssembly (1736ms)
			LoadAssemblies (188ms)
			RebuildTransferFunctionScriptingTraits (0ms)
			SetupTypeCache (569ms)
			ReleaseScriptCaches (1ms)
			RebuildScriptCaches (96ms)
			SetupLoadedEditorAssemblies (720ms)
				LogAssemblyErrors (0ms)
				InitializePlatformSupportModulesInManaged (12ms)
				SetLoadedEditorAssemblies (1ms)
				RefreshPlugins (1ms)
				BeforeProcessingInitializeOnLoad (156ms)
				ProcessInitializeOnLoadAttributes (536ms)
				ProcessInitializeOnLoadMethodAttributes (7ms)
				AfterProcessingInitializeOnLoad (7ms)
				EditorAssembliesLoaded (0ms)
			ExecutionOrderSort2 (0ms)
			AwakeInstancesAfterBackupRestoration (13ms)
Platform modules already initialized, skipping
========================================================================
Worker process is ready to serve import requests
Launched and connected shader compiler UnityShaderCompiler.exe after 0.25 seconds
Refreshing native plugins compatible for Editor in 0.56 ms, found 2 plugins.
Preloading 0 native plugins for Editor in 0.00 ms.
Unloading 1450 Unused Serialized files (Serialized files now loaded: 0)
System memory in use before: 140.3 MB.
System memory in use after: 140.3 MB.

Unloading 18 unused Assets to reduce memory usage. Loaded Objects now: 1887.
Total: 5.774200 ms (FindLiveObjects: 0.408900 ms CreateObjectMapping: 0.176800 ms MarkObjects: 5.053400 ms  DeleteObjects: 0.132800 ms)

AssetImportParameters requested are different than current active one (requested -> active):
  custom:framework-win-MediaFoundation: 216162199b28c13a410421893ffa2e32 -> 
  custom:video-decoder-ogg-theora: a1e56fd34408186e4bbccfd4996cb3dc -> 
  custom:container-muxer-webm: aa71ff27fc2769a1b78a27578f13a17b -> 
  custom:container-demuxer-webm: 4f35f7cbe854078d1ac9338744f61a02 -> 
  custom:container-demuxer-ogg: 62fdf1f143b41e24485cea50d1cbac27 -> 
  custom:video-encoder-webm-vp8: eb34c28f22e8b96e1ab97ce403110664 -> 
  custom:video-decoder-webm-vp8: 9c59270c3fd7afecdb556c50c9e8de78 -> 
  custom:audio-decoder-ogg-vorbis: bf7c407c2cedff20999df2af8eb42d56 -> 
  custom:audio-encoder-webm-vorbis: bf7c407c2cedff20999df2af8eb42d56 -> 
========================================================================
Received Import Request.
  path: Assets/hand (1).png
  artifactKey: Guid(c441e89ccb032854ca4aa62ea86254fa) Importer(815301076,1909f56bfc062723c751e8b465ee728b)
Start importing Assets/hand (1).png using Guid(c441e89ccb032854ca4aa62ea86254fa) Importer(815301076,1909f56bfc062723c751e8b465ee728b)  -> (artifact id: '3b97f35404a59ad1328486c955987475') in 0.208879 seconds 
  Import took 0.214033 seconds .

========================================================================
Received Import Request.
  Time since last request: 0.000291 seconds.
  path: Assets/8-89198_png-file-size-ground-cracks-overlay.png
  artifactKey: Guid(3e9bb790485735d4384cdd7e872aba6f) Importer(815301076,1909f56bfc062723c751e8b465ee728b)
Start importing Assets/8-89198_png-file-size-ground-cracks-overlay.png using Guid(3e9bb790485735d4384cdd7e872aba6f) Importer(815301076,1909f56bfc062723c751e8b465ee728b)  -> (artifact id: 'd2fa0a12fd980ce9c7bdb97010feb65c') in 0.050663 seconds 
  Import took 0.054074 seconds .

========================================================================
Received Import Request.
  Time since last request: 0.000270 seconds.
  path: Assets/right-arrow.png
  artifactKey: Guid(8a02f5344da1fc64fbe17ad61f4aa1af) Importer(815301076,1909f56bfc062723c751e8b465ee728b)
Start importing Assets/right-arrow.png using Guid(8a02f5344da1fc64fbe17ad61f4aa1af) Importer(815301076,1909f56bfc062723c751e8b465ee728b)  -> (artifact id: 'e6e2f94e0c66bfadd22c312164475d5e') in 0.090248 seconds 
  Import took 0.093731 seconds .

========================================================================
Received Import Request.
  Time since last request: 0.000362 seconds.
  path: Assets/forbidden (2).png
  artifactKey: Guid(c539f1f927dc0444c9696711a8727d19) Importer(815301076,1909f56bfc062723c751e8b465ee728b)
Start importing Assets/forbidden (2).png using Guid(c539f1f927dc0444c9696711a8727d19) Importer(815301076,1909f56bfc062723c751e8b465ee728b)  -> (artifact id: '5916e67564fd6d6a0fa85239cae9c881') in 0.049021 seconds 
  Import took 0.052618 seconds .

========================================================================
Received Import Request.
  Time since last request: 0.000278 seconds.
  path: Assets/hand.png
  artifactKey: Guid(6f26b944fb4ee5d4f92ffbb10e50626c) Importer(815301076,1909f56bfc062723c751e8b465ee728b)
Start importing Assets/hand.png using Guid(6f26b944fb4ee5d4f92ffbb10e50626c) Importer(815301076,1909f56bfc062723c751e8b465ee728b)  -> (artifact id: 'c979e431dd8ca7e6638509910bdfcf9f') in 0.075057 seconds 
  Import took 0.080530 seconds .

========================================================================
Received Import Request.
  Time since last request: 0.000284 seconds.
  path: Assets/cursor (2).png
  artifactKey: Guid(34c1aa05e41a73a4986266c2765cb582) Importer(815301076,1909f56bfc062723c751e8b465ee728b)
Start importing Assets/cursor (2).png using Guid(34c1aa05e41a73a4986266c2765cb582) Importer(815301076,1909f56bfc062723c751e8b465ee728b)  -> (artifact id: 'ff4674e3cd8057f428790586f559800f') in 0.033777 seconds 
  Import took 0.037969 seconds .

========================================================================
Received Import Request.
  Time since last request: 0.000403 seconds.
  path: Assets/cursor (1).png
  artifactKey: Guid(5f98d79cd073ff74fa1f570038326c26) Importer(815301076,1909f56bfc062723c751e8b465ee728b)
Start importing Assets/cursor (1).png using Guid(5f98d79cd073ff74fa1f570038326c26) Importer(815301076,1909f56bfc062723c751e8b465ee728b)  -> (artifact id: '4920e6aa7e2030cd77f55d865f0db952') in 0.017164 seconds 
  Import took 0.020637 seconds .

========================================================================
Received Import Request.
  Time since last request: 0.000255 seconds.
  path: Assets/DefinicaoTrabalho.png
  artifactKey: Guid(2dc7e83b4f7bf914cbda41021a66f31e) Importer(815301076,1909f56bfc062723c751e8b465ee728b)
Start importing Assets/DefinicaoTrabalho.png using Guid(2dc7e83b4f7bf914cbda41021a66f31e) Importer(815301076,1909f56bfc062723c751e8b465ee728b)  -> (artifact id: 'f821c7388c329974e44c16a0b392f0c0') in 0.042743 seconds 
  Import took 0.046169 seconds .

========================================================================
Received Import Request.
  Time since last request: 0.000316 seconds.
  path: Assets/orange.png
  artifactKey: Guid(882340de96e6c3a44919656a51f79068) Importer(815301076,1909f56bfc062723c751e8b465ee728b)
Start importing Assets/orange.png using Guid(882340de96e6c3a44919656a51f79068) Importer(815301076,1909f56bfc062723c751e8b465ee728b)  -> (artifact id: '18796b7dc6903c58fe1b83467ad056d1') in 0.023772 seconds 
  Import took 0.026910 seconds .

========================================================================
Received Import Request.
  Time since last request: 0.000302 seconds.
  path: Assets/cursor.png
  artifactKey: Guid(42d131a67e496134ebec3927ad27cc8f) Importer(815301076,1909f56bfc062723c751e8b465ee728b)
Start importing Assets/cursor.png using Guid(42d131a67e496134ebec3927ad27cc8f) Importer(815301076,1909f56bfc062723c751e8b465ee728b)  -> (artifact id: '3443ad1179d8c85b1c743f85ca67ba02') in 0.072140 seconds 
  Import took 0.075700 seconds .

========================================================================
Received Prepare
Registering precompiled user dll's ...
Registered in 0.006853 seconds.
Begin MonoManager ReloadAssembly
Native extension for WindowsStandalone target not found
Native extension for WebGL target not found
Refreshing native plugins compatible for Editor in 0.59 ms, found 2 plugins.
Preloading 0 native plugins for Editor in 0.00 ms.
Mono: successfully reloaded assembly
- Completed reload, in  1.871 seconds
Domain Reload Profiling:
	ReloadAssembly (1871ms)
		BeginReloadAssembly (195ms)
			ExecutionOrderSort (0ms)
			DisableScriptedObjects (8ms)
			BackupInstance (0ms)
			ReleaseScriptingObjects (0ms)
			CreateAndSetChildDomain (59ms)
		EndReloadAssembly (1560ms)
			LoadAssemblies (178ms)
			RebuildTransferFunctionScriptingTraits (0ms)
			SetupTypeCache (557ms)
			ReleaseScriptCaches (1ms)
			RebuildScriptCaches (70ms)
			SetupLoadedEditorAssemblies (614ms)
				LogAssemblyErrors (0ms)
				InitializePlatformSupportModulesInManaged (9ms)
				SetLoadedEditorAssemblies (1ms)
				RefreshPlugins (1ms)
				BeforeProcessingInitializeOnLoad (122ms)
				ProcessInitializeOnLoadAttributes (469ms)
				ProcessInitializeOnLoadMethodAttributes (6ms)
				AfterProcessingInitializeOnLoad (7ms)
				EditorAssembliesLoaded (0ms)
			ExecutionOrderSort2 (0ms)
			AwakeInstancesAfterBackupRestoration (12ms)
Platform modules already initialized, skipping
Refreshing native plugins compatible for Editor in 0.53 ms, found 2 plugins.
Preloading 0 native plugins for Editor in 0.00 ms.
Unloading 1430 Unused Serialized files (Serialized files now loaded: 0)
System memory in use before: 141.9 MB.
System memory in use after: 142.0 MB.

Unloading 13 unused Assets to reduce memory usage. Loaded Objects now: 1899.
Total: 4.385000 ms (FindLiveObjects: 0.309200 ms CreateObjectMapping: 0.083100 ms MarkObjects: 3.960800 ms  DeleteObjects: 0.029900 ms)

AssetImportParameters requested are different than current active one (requested -> active):
  custom:framework-win-MediaFoundation: 216162199b28c13a410421893ffa2e32 -> 
  custom:video-decoder-ogg-theora: a1e56fd34408186e4bbccfd4996cb3dc -> 
  custom:container-muxer-webm: aa71ff27fc2769a1b78a27578f13a17b -> 
  custom:container-demuxer-webm: 4f35f7cbe854078d1ac9338744f61a02 -> 
  custom:container-demuxer-ogg: 62fdf1f143b41e24485cea50d1cbac27 -> 
  custom:video-encoder-webm-vp8: eb34c28f22e8b96e1ab97ce403110664 -> 
  custom:video-decoder-webm-vp8: 9c59270c3fd7afecdb556c50c9e8de78 -> 
  custom:audio-decoder-ogg-vorbis: bf7c407c2cedff20999df2af8eb42d56 -> 
  custom:audio-encoder-webm-vorbis: bf7c407c2cedff20999df2af8eb42d56 -> 
AssetImportWorkerClient::OnTransportError - code=2 error=End of file
